Determining if the pthread_create exist failed with the following output:
Change Dir: /home/maria/Documents/git/Advanced-Programming-Project/cmake-build-debug/CMakeFiles/CMakeTmp

Run Build Command:"/usr/bin/make" "cmTC_e5cee/fast"
/usr/bin/make -f CMakeFiles/cmTC_e5cee.dir/build.make CMakeFiles/cmTC_e5cee.dir/build
make[1]: Entering directory '/home/maria/Documents/git/Advanced-Programming-Project/cmake-build-debug/CMakeFiles/CMakeTmp'
Building C object CMakeFiles/cmTC_e5cee.dir/CheckSymbolExists.c.o
/usr/bin/cc    -o CMakeFiles/cmTC_e5cee.dir/CheckSymbolExists.c.o   -c /home/maria/Documents/git/Advanced-Programming-Project/cmake-build-debug/CMakeFiles/CMakeTmp/CheckSymbolExists.c
Linking C executable cmTC_e5cee
/home/maria/Documents/clion-2017.2.3/bin/cmake/bin/cmake -E cmake_link_script CMakeFiles/cmTC_e5cee.dir/link.txt --verbose=1
/usr/bin/cc      -rdynamic CMakeFiles/cmTC_e5cee.dir/CheckSymbolExists.c.o  -o cmTC_e5cee 
CMakeFiles/cmTC_e5cee.dir/CheckSymbolExists.c.o: In function `main':
CheckSymbolExists.c:(.text+0x16): undefined reference to `pthread_create'
collect2: error: ld returned 1 exit status
CMakeFiles/cmTC_e5cee.dir/build.make:97: recipe for target 'cmTC_e5cee' failed
make[1]: *** [cmTC_e5cee] Error 1
make[1]: Leaving directory '/home/maria/Documents/git/Advanced-Programming-Project/cmake-build-debug/CMakeFiles/CMakeTmp'
Makefile:126: recipe for target 'cmTC_e5cee/fast' failed
make: *** [cmTC_e5cee/fast] Error 2

File /home/maria/Documents/git/Advanced-Programming-Project/cmake-build-debug/CMakeFiles/CMakeTmp/CheckSymbolExists.c:
/* */
#include <pthread.h>

int main(int argc, char** argv)
{
  (void)argv;
#ifndef pthread_create
  return ((int*)(&pthread_create))[argc];
#else
  (void)argc;
  return 0;
#endif
}

Determining if the function pthread_create exists in the pthreads failed with the following output:
Change Dir: /home/maria/Documents/git/Advanced-Programming-Project/cmake-build-debug/CMakeFiles/CMakeTmp

Run Build Command:"/usr/bin/make" "cmTC_a5bfe/fast"
/usr/bin/make -f CMakeFiles/cmTC_a5bfe.dir/build.make CMakeFiles/cmTC_a5bfe.dir/build
make[1]: Entering directory '/home/maria/Documents/git/Advanced-Programming-Project/cmake-build-debug/CMakeFiles/CMakeTmp'
Building C object CMakeFiles/cmTC_a5bfe.dir/CheckFunctionExists.c.o
/usr/bin/cc   -DCHECK_FUNCTION_EXISTS=pthread_create   -o CMakeFiles/cmTC_a5bfe.dir/CheckFunctionExists.c.o   -c /home/maria/Documents/clion-2017.2.3/bin/cmake/share/cmake-3.8/Modules/CheckFunctionExists.c
Linking C executable cmTC_a5bfe
/home/maria/Documents/clion-2017.2.3/bin/cmake/bin/cmake -E cmake_link_script CMakeFiles/cmTC_a5bfe.dir/link.txt --verbose=1
/usr/bin/cc  -DCHECK_FUNCTION_EXISTS=pthread_create    -rdynamic CMakeFiles/cmTC_a5bfe.dir/CheckFunctionExists.c.o  -o cmTC_a5bfe -lpthreads 
/usr/bin/ld: cannot find -lpthreads
collect2: error: ld returned 1 exit status
CMakeFiles/cmTC_a5bfe.dir/build.make:97: recipe for target 'cmTC_a5bfe' failed
make[1]: *** [cmTC_a5bfe] Error 1
make[1]: Leaving directory '/home/maria/Documents/git/Advanced-Programming-Project/cmake-build-debug/CMakeFiles/CMakeTmp'
Makefile:126: recipe for target 'cmTC_a5bfe/fast' failed
make: *** [cmTC_a5bfe/fast] Error 2


